#-----------------------------------------------------------
# xsim v2023.1 (64-bit)
# SW Build 3865809 on Sun May  7 15:05:29 MDT 2023
# IP Build 3864474 on Sun May  7 20:36:21 MDT 2023
# SharedData Build 3865790 on Sun May 07 13:33:03 MDT 2023
# Start of session at: Mon Feb 19 12:54:41 2024
# Process ID: 17832
# Current directory: C:/Users/62390/Desktop/ARE/Simulation/VivadoScripts
# Command line: xsim.exe -mode tcl -source {xsim.dir/work.Stdp_tb/xsim_script.tcl}
# Log file: C:/Users/62390/Desktop/ARE/Simulation/VivadoScripts/xsim.log
# Journal file: C:/Users/62390/Desktop/ARE/Simulation/VivadoScripts\xsim.jou
# Running On: LAPTOP-AH1MV0TF, OS: Windows, CPU Frequency: 2304 MHz, CPU Physical cores: 4, Host memory: 17048 MB
#-----------------------------------------------------------
source xsim.dir/work.Stdp_tb/xsim_script.tcl
# xsim {work.Stdp_tb} -autoloadwcfg -tclbatch {commands.tcl}
Time resolution is 1 ps
source commands.tcl
## run 10 ms
FATAL_ERROR: Vivado Simulator kernel has discovered an exceptional condition from which it cannot recover. Process will terminate. For technical support on this issue, please open a WebCase with this project attached at http://www.xilinx.com/support.
Time: 0 ps  Iteration: 0  Process: /Stdp_tb/DUT/Post_queue/line__74
  File: C:/Users/62390/Desktop/ARE/Simulation/all_comp/queue.vhd
## quit
INFO: [Common 17-206] Exiting xsim at Mon Feb 19 12:54:46 2024...
